TN:
SF:C:\Users\bigba\www\gostack\GoStack_mobile\src\components\Button\index.tsx
FN:10,(anonymous_0)
FNF:1
FNH:1
FNDA:1,(anonymous_0)
DA:10,1
DA:11,1
LF:2
LH:2
BRF:0
BRH:0
end_of_record
TN:
SF:C:\Users\bigba\www\gostack\GoStack_mobile\src\components\Input\index.tsx
FN:28,(anonymous_0)
FN:40,(anonymous_1)
FN:46,(anonymous_2)
FN:52,(anonymous_3)
FN:53,(anonymous_4)
FN:57,(anonymous_5)
FN:62,(anonymous_6)
FN:66,(anonymous_7)
FN:87,(anonymous_8)
FNF:9
FNH:3
FNDA:2,(anonymous_0)
FNDA:0,(anonymous_1)
FNDA:0,(anonymous_2)
FNDA:1,(anonymous_3)
FNDA:0,(anonymous_4)
FNDA:2,(anonymous_5)
FNDA:0,(anonymous_6)
FNDA:0,(anonymous_7)
FNDA:0,(anonymous_8)
DA:28,1
DA:32,2
DA:34,2
DA:35,2
DA:37,2
DA:38,2
DA:40,2
DA:41,0
DA:43,0
DA:46,2
DA:47,0
DA:49,0
DA:52,2
DA:54,0
DA:57,2
DA:58,2
DA:63,0
DA:64,0
DA:67,0
DA:68,0
DA:73,2
DA:88,0
LF:22
LH:12
BRDA:29,0,0,2
BRDA:34,1,0,2
BRDA:78,2,0,0
BRDA:78,2,1,2
BRDA:78,3,0,2
BRDA:78,3,1,2
BRF:6
BRH:5
end_of_record
TN:
SF:C:\Users\bigba\www\gostack\GoStack_mobile\src\hooks\auth.tsx
FN:38,(anonymous_0)
FN:42,(anonymous_1)
FN:43,loadStorageData
FN:61,(anonymous_3)
FN:79,(anonymous_4)
FN:86,(anonymous_5)
FN:106,useAuth
FNF:7
FNH:1
FNDA:0,(anonymous_0)
FNDA:0,(anonymous_1)
FNDA:0,loadStorageData
FNDA:0,(anonymous_3)
FNDA:0,(anonymous_4)
FNDA:0,(anonymous_5)
FNDA:1,useAuth
DA:36,1
DA:38,1
DA:39,0
DA:40,0
DA:42,0
DA:44,0
DA:49,0
DA:50,0
DA:52,0
DA:55,0
DA:58,0
DA:61,0
DA:62,0
DA:67,0
DA:69,0
DA:74,0
DA:76,0
DA:79,0
DA:80,0
DA:82,0
DA:85,0
DA:87,0
DA:89,0
DA:97,0
DA:107,1
DA:109,1
DA:110,0
DA:113,1
LF:28
LH:5
BRDA:49,0,0,0
BRDA:49,0,1,0
BRDA:49,1,0,0
BRDA:49,1,1,0
BRDA:109,2,0,0
BRDA:109,2,1,1
BRF:6
BRH:1
end_of_record
TN:
SF:C:\Users\bigba\www\gostack\GoStack_mobile\src\pages\AppointmentCreated\index.tsx
FN:18,(anonymous_0)
FN:24,(anonymous_1)
FN:35,(anonymous_2)
FNF:3
FNH:0
FNDA:0,(anonymous_0)
FNDA:0,(anonymous_1)
FNDA:0,(anonymous_2)
DA:18,0
DA:19,0
DA:20,0
DA:22,0
DA:24,0
DA:25,0
DA:35,0
DA:36,0
DA:43,0
LF:9
LH:0
BRF:0
BRH:0
end_of_record
TN:
SF:C:\Users\bigba\www\gostack\GoStack_mobile\src\pages\CreateAppointment\index.tsx
FN:42,(anonymous_0)
FN:58,(anonymous_1)
FN:59,(anonymous_2)
FN:64,(anonymous_3)
FN:73,(anonymous_4)
FN:78,(anonymous_5)
FN:82,(anonymous_6)
FN:86,(anonymous_7)
FN:87,(anonymous_8)
FN:90,(anonymous_9)
FN:100,(anonymous_10)
FN:104,(anonymous_11)
FN:125,(anonymous_12)
FN:127,(anonymous_13)
FN:128,(anonymous_14)
FN:137,(anonymous_15)
FN:139,(anonymous_16)
FN:140,(anonymous_17)
FN:167,(anonymous_18)
FN:168,(anonymous_19)
FN:170,(anonymous_20)
FN:208,(anonymous_21)
FN:214,(anonymous_22)
FN:228,(anonymous_23)
FN:234,(anonymous_24)
FNF:25
FNH:0
FNDA:0,(anonymous_0)
FNDA:0,(anonymous_1)
FNDA:0,(anonymous_2)
FNDA:0,(anonymous_3)
FNDA:0,(anonymous_4)
FNDA:0,(anonymous_5)
FNDA:0,(anonymous_6)
FNDA:0,(anonymous_7)
FNDA:0,(anonymous_8)
FNDA:0,(anonymous_9)
FNDA:0,(anonymous_10)
FNDA:0,(anonymous_11)
FNDA:0,(anonymous_12)
FNDA:0,(anonymous_13)
FNDA:0,(anonymous_14)
FNDA:0,(anonymous_15)
FNDA:0,(anonymous_16)
FNDA:0,(anonymous_17)
FNDA:0,(anonymous_18)
FNDA:0,(anonymous_19)
FNDA:0,(anonymous_20)
FNDA:0,(anonymous_21)
FNDA:0,(anonymous_22)
FNDA:0,(anonymous_23)
FNDA:0,(anonymous_24)
DA:42,0
DA:43,0
DA:44,0
DA:45,0
DA:47,0
DA:49,0
DA:50,0
DA:51,0
DA:52,0
DA:53,0
DA:54,0
DA:58,0
DA:59,0
DA:60,0
DA:64,0
DA:65,0
DA:74,0
DA:78,0
DA:79,0
DA:82,0
DA:83,0
DA:86,0
DA:87,0
DA:90,0
DA:91,0
DA:92,0
DA:95,0
DA:96,0
DA:100,0
DA:101,0
DA:104,0
DA:105,0
DA:106,0
DA:108,0
DA:109,0
DA:111,0
DA:116,0
DA:118,0
DA:125,0
DA:126,0
DA:127,0
DA:129,0
DA:137,0
DA:138,0
DA:139,0
DA:141,0
DA:149,0
DA:167,0
DA:169,0
DA:170,0
DA:209,0
DA:214,0
DA:229,0
DA:234,0
LF:54
LH:0
BRDA:91,0,0,0
BRDA:91,0,1,0
BRDA:95,1,0,0
BRDA:95,1,1,0
BRDA:190,2,0,0
BRDA:190,2,1,0
BRF:6
BRH:0
end_of_record
TN:
SF:C:\Users\bigba\www\gostack\GoStack_mobile\src\pages\Dashboard\index.tsx
FN:31,(anonymous_0)
FN:37,(anonymous_1)
FN:38,(anonymous_2)
FN:43,(anonymous_3)
FN:48,(anonymous_4)
FN:70,(anonymous_5)
FN:74,(anonymous_6)
FN:76,(anonymous_7)
FNF:8
FNH:0
FNDA:0,(anonymous_0)
FNDA:0,(anonymous_1)
FNDA:0,(anonymous_2)
FNDA:0,(anonymous_3)
FNDA:0,(anonymous_4)
FNDA:0,(anonymous_5)
FNDA:0,(anonymous_6)
FNDA:0,(anonymous_7)
DA:31,0
DA:32,0
DA:34,0
DA:35,0
DA:37,0
DA:38,0
DA:39,0
DA:43,0
DA:44,0
DA:47,0
DA:49,0
DA:54,0
DA:70,0
DA:75,0
DA:76,0
LF:15
LH:0
BRF:0
BRH:0
end_of_record
TN:
SF:C:\Users\bigba\www\gostack\GoStack_mobile\src\pages\Profile\index.tsx
FN:42,(anonymous_0)
FN:54,(anonymous_1)
FN:65,(anonymous_2)
FN:71,(anonymous_3)
FN:126,(anonymous_4)
FN:134,(anonymous_5)
FN:152,(anonymous_6)
FN:159,(anonymous_7)
FN:194,(anonymous_8)
FN:207,(anonymous_9)
FN:220,(anonymous_10)
FN:233,(anonymous_11)
FN:246,(anonymous_12)
FN:249,(anonymous_13)
FNF:14
FNH:0
FNDA:0,(anonymous_0)
FNDA:0,(anonymous_1)
FNDA:0,(anonymous_2)
FNDA:0,(anonymous_3)
FNDA:0,(anonymous_4)
FNDA:0,(anonymous_5)
FNDA:0,(anonymous_6)
FNDA:0,(anonymous_7)
FNDA:0,(anonymous_8)
FNDA:0,(anonymous_9)
FNDA:0,(anonymous_10)
FNDA:0,(anonymous_11)
FNDA:0,(anonymous_12)
FNDA:0,(anonymous_13)
DA:42,0
DA:43,0
DA:45,0
DA:46,0
DA:48,0
DA:49,0
DA:50,0
DA:51,0
DA:53,0
DA:55,0
DA:56,0
DA:58,0
DA:65,0
DA:71,0
DA:78,0
DA:88,0
DA:90,0
DA:102,0
DA:103,0
DA:105,0
DA:107,0
DA:109,0
DA:110,0
DA:112,0
DA:114,0
DA:117,0
DA:126,0
DA:127,0
DA:135,0
DA:136,0
DA:139,0
DA:140,0
DA:141,0
DA:144,0
DA:146,0
DA:152,0
DA:153,0
DA:159,0
DA:160,0
DA:163,0
DA:195,0
DA:208,0
DA:221,0
DA:234,0
DA:246,0
DA:249,0
LF:46
LH:0
BRDA:93,0,0,0
BRDA:93,0,1,0
BRDA:109,1,0,0
BRDA:109,1,1,0
BRDA:135,2,0,0
BRDA:135,2,1,0
BRDA:139,3,0,0
BRDA:139,3,1,0
BRDA:167,4,0,0
BRDA:167,4,1,0
BRF:10
BRH:0
end_of_record
TN:
SF:C:\Users\bigba\www\gostack\GoStack_mobile\src\pages\SignIn\index.tsx
FN:41,(anonymous_0)
FN:49,(anonymous_1)
FN:113,(anonymous_2)
FN:124,(anonymous_3)
FN:130,(anonymous_4)
FN:138,(anonymous_5)
FN:145,(anonymous_6)
FNF:7
FNH:1
FNDA:1,(anonymous_0)
FNDA:0,(anonymous_1)
FNDA:0,(anonymous_2)
FNDA:0,(anonymous_3)
FNDA:0,(anonymous_4)
FNDA:0,(anonymous_5)
FNDA:0,(anonymous_6)
DA:41,1
DA:42,1
DA:43,1
DA:44,1
DA:46,1
DA:48,1
DA:50,0
DA:51,0
DA:53,0
DA:60,0
DA:64,0
DA:69,0
DA:70,0
DA:72,0
DA:74,0
DA:77,0
DA:86,1
DA:114,0
DA:125,0
DA:131,0
DA:145,0
LF:21
LH:7
BRDA:69,0,0,0
BRDA:69,0,1,0
BRDA:90,1,0,1
BRDA:90,1,1,0
BRF:4
BRH:1
end_of_record
TN:
SF:C:\Users\bigba\www\gostack\GoStack_mobile\src\pages\SignUp\index.tsx
FN:34,(anonymous_0)
FN:42,(anonymous_1)
FN:109,(anonymous_2)
FN:122,(anonymous_3)
FN:134,(anonymous_4)
FN:137,(anonymous_5)
FN:145,(anonymous_6)
FNF:7
FNH:0
FNDA:0,(anonymous_0)
FNDA:0,(anonymous_1)
FNDA:0,(anonymous_2)
FNDA:0,(anonymous_3)
FNDA:0,(anonymous_4)
FNDA:0,(anonymous_5)
FNDA:0,(anonymous_6)
DA:34,0
DA:35,0
DA:36,0
DA:38,0
DA:39,0
DA:41,0
DA:43,0
DA:44,0
DA:46,0
DA:54,0
DA:58,0
DA:60,0
DA:65,0
DA:67,0
DA:68,0
DA:70,0
DA:72,0
DA:75,0
DA:84,0
DA:110,0
DA:123,0
DA:134,0
DA:137,0
DA:145,0
LF:24
LH:0
BRDA:67,0,0,0
BRDA:67,0,1,0
BRDA:88,1,0,0
BRDA:88,1,1,0
BRF:4
BRH:0
end_of_record
